<?xml version="1.0" encoding="UTF-8"?>
<!-- Generated by org.testng.reporters.JUnitXMLReporter -->
<testsuite ignored="0" hostname="LAPTOP-L5VJCAPT" failures="0" tests="15" name="Test" time="22.073" errors="0" timestamp="2024-06-03T00:15:30 IST">
  <testcase classname="api.test.UserLogin" name="missingDetails" time="3.411"/>
  <testcase classname="api.test.UserLogin" name="noInputData" time="1.428"/>
  <testcase classname="api.test.UserLogin" name="successfulLogin" time="1.666"/>
  <testcase classname="api.test.AddToCart" name="AddtoCart" time="1.46"/>
  <testcase classname="api.test.AddToCart" name="missingDetails" time="1.255"/>
  <testcase classname="api.test.AddToCart" name="noInputDetails" time="1.095"/>
  <testcase classname="api.test.UserRegistration" name="missingDetails" time="1.224"/>
  <testcase classname="api.test.UserRegistration" name="successfulRegistration" time="1.282"/>
  <testcase classname="api.test.UserRegistration" name="withoutInputData" time="1.251"/>
  <testcase classname="api.test.SearchBooks" name="successfulSearchBooks" time="1.484"/>
  <testcase classname="api.test.SearchBooks" name="wrongSearchData" time="1.531"/>
  <testcase classname="api.test.Checkout" name="checkout" time="1.508"/>
  <testcase classname="api.test.Checkout" name="missingvalues" time="1.104"/>
  <testcase classname="api.test.Checkout" name="noInputData" time="1.069"/>
  <testcase classname="api.test.Checkout" name="withoutCardDetails" time="1.078"/>
</testsuite> <!-- Test -->
