<?xml version="1.0" encoding="UTF-8"?>
<!-- Generated by org.testng.reporters.JUnitXMLReporter -->
<testsuite ignored="0" hostname="LAPTOP-L5VJCAPT" failures="0" tests="3" name="Default test" time="6.099" errors="0" timestamp="2024-06-03T00:14:36 IST">
  <testcase classname="api.test.UserLogin" name="missingDetails" time="3.345"/>
  <testcase classname="api.test.UserLogin" name="noInputData" time="1.244"/>
  <testcase classname="api.test.UserLogin" name="successfulLogin" time="1.386"/>
</testsuite> <!-- Default test -->
